\BOOKMARK [1][-]{section.1}{Einleitung}{}% 1
\BOOKMARK [1][-]{section.2}{Vier Gewinnt}{}% 2
\BOOKMARK [2][-]{subsection.2.1}{Spielidee}{section.2}% 3
\BOOKMARK [2][-]{subsection.2.2}{Implementation}{section.2}% 4
\BOOKMARK [2][-]{subsection.2.3}{Das Programm}{section.2}% 5
\BOOKMARK [1][-]{section.3}{Die KI \(k\374nstliche Intelligenz\) des Vier Gewinnt Spiels}{}% 6
\BOOKMARK [2][-]{subsection.3.1}{Taktik der KI}{section.3}% 7
\BOOKMARK [2][-]{subsection.3.2}{Schw\344chen}{section.3}% 8
\BOOKMARK [2][-]{subsection.3.3}{Implementation}{section.3}% 9
\BOOKMARK [3][-]{subsubsection.3.3.1}{Erstes Beispiel}{subsection.3.3}% 10
\BOOKMARK [3][-]{subsubsection.3.3.2}{Zweites Beispiel}{subsection.3.3}% 11
\BOOKMARK [2][-]{subsection.3.4}{Effizienzbetrachtung}{section.3}% 12
\BOOKMARK [1][-]{section.4}{K\374nstliche Intelligenz}{}% 13
\BOOKMARK [2][-]{subsection.4.1}{Definition}{section.4}% 14
\BOOKMARK [2][-]{subsection.4.2}{Machine Learning}{section.4}% 15
\BOOKMARK [2][-]{subsection.4.3}{Aktueller Stand}{section.4}% 16
\BOOKMARK [2][-]{subsection.4.4}{Ausblick}{section.4}% 17
\BOOKMARK [1][-]{section.5}{Fazit}{}% 18
\BOOKMARK [1][-]{section.6}{Quellen-/ Literaturverzeichnis}{}% 19
\BOOKMARK [1][-]{section.7}{Bilderverzeichnis}{}% 20
